\BOOKMARK [0][]{chapter*.1}{Agradecimentos}{}% 1
\BOOKMARK [0][]{chapter*.2}{Resumo}{}% 2
\BOOKMARK [0][]{chapter*.3}{Abstract}{}% 3
\BOOKMARK [0][]{chapter*.5}{Acr\363nimos}{}% 4
\BOOKMARK [0][]{chapter*.5}{\315ndice de Figuras}{}% 5
\BOOKMARK [0][]{chapter*.6}{\315ndice de Tabelas}{}% 6
\BOOKMARK [0][]{chapter.1}{1 Introdu\347\343o}{}% 7
\BOOKMARK [1][]{section.1.1}{1.1 Contexto e motiva\347\343o}{chapter.1}% 8
\BOOKMARK [1][]{section.1.2}{1.2 Objetivos}{chapter.1}% 9
\BOOKMARK [1][]{section.1.3}{1.3 Contribui\347\365es}{chapter.1}% 10
\BOOKMARK [1][]{section.1.4}{1.4 Organiza\347\343o da disserta\347\343o \(opcional\)}{chapter.1}% 11
\BOOKMARK [1][]{section.1.5}{1.5 Como utilizar este template}{chapter.1}% 12
\BOOKMARK [2][]{subsection.1.5.1}{1.5.1 Software necess\341rio}{section.1.5}% 13
\BOOKMARK [2][]{subsection.1.5.2}{1.5.2 Como utilizar o template Tese-IPT}{section.1.5}% 14
\BOOKMARK [2][]{subsection.1.5.3}{1.5.3 Exemplos de como fazer figuras}{section.1.5}% 15
\BOOKMARK [0][]{chapter.2}{2 Estado da Arte}{}% 16
\BOOKMARK [1][]{section.2.1}{2.1 Introdu\347\343o}{chapter.2}% 17
\BOOKMARK [0][]{chapter.3}{3 Fundamentos}{}% 18
\BOOKMARK [0][]{chapter.4}{4 Conclus\365es}{}% 19
\BOOKMARK [0][]{chapter.4}{Bibliografia}{}% 20
\BOOKMARK [0][]{section*.14}{Ap\352ndice}{}% 21
